<?xml version="1.0" encoding="UTF-8"?>
<!-- Generated by org.testng.reporters.JUnitReportReporter -->
<testsuite hostname="ryan-Inspiron-3558" name="Selenium.framework.NewTest" tests="1" failures="0" timestamp="28 Mar 2020 21:48:15 GMT" time="3.642" errors="0">
  <testcase name="verifyGooglePageTittle" time="3.642" classname="Selenium.framework.NewTest"/>
</testsuite> <!-- Selenium.framework.NewTest -->
